\BOOKMARK [-1][]{ctitle.-1}{\376\377\127\372\116\216\000V\000i\000v\000e\000\040\000V\000R\166\204\220\145\144\315\117\134\147\072\150\260\142\113}{}% 1
\BOOKMARK [0][]{thuchapter.1.0}{\376\377\144\130\000\040\211\201}{ctitle.-1}% 2
\BOOKMARK [0][]{thuchapter.2.0}{\376\377\000A\000b\000s\000t\000r\000a\000c\000t}{ctitle.-1}% 3
\BOOKMARK [0][]{thuchapter.3.0}{\376\377\166\356\000\040\137\125}{ctitle.-1}% 4
\BOOKMARK [0][]{thuchapter.4.0}{\376\377\116\073\211\201\173\046\123\367\133\371\161\147\210\150}{ctitle.-1}% 5
\BOOKMARK [0][]{chapter.1}{\376\377\173\054\0001\172\340\000\040\230\171\166\356\200\314\146\157}{ctitle.-1}% 6
\BOOKMARK [0][]{chapter.2}{\376\377\173\054\0002\172\340\000\040\163\260\147\011\174\373\176\337\225\356\230\230}{ctitle.-1}% 7
\BOOKMARK [1][-]{section.2.1}{\376\377\0002\000.\0001\000\040\163\260\147\011\166\204\116\011\176\364\126\376\120\317\221\307\226\306\174\373\176\337}{chapter.2}% 8
\BOOKMARK [1][-]{section.2.2}{\376\377\0002\000.\0002\000\040\163\260\147\011\166\204\147\072\126\150\116\272\220\145\144\315\117\134\174\373\176\337}{chapter.2}% 9
\BOOKMARK [2][-]{subsection.2.2.1}{\376\377\0002\000.\0002\000.\0001\000\040\142\113\147\304\377\014\143\007\116\344}{section.2.2}% 10
\BOOKMARK [2][-]{subsection.2.2.2}{\376\377\0002\000.\0002\000.\0002\000\040\000O\000p\000t\000i\000T\000r\000a\000c\000k}{section.2.2}% 11
\BOOKMARK [2][-]{subsection.2.2.3}{\376\377\0002\000.\0002\000.\0003\000\040\000T\000-\000H\000R\0003}{section.2.2}% 12
\BOOKMARK [2][-]{subsection.2.2.4}{\376\377\0002\000.\0002\000.\0004\000\040}{section.2.2}% 13
\BOOKMARK [0][]{chapter.3}{\376\377\173\054\0003\172\340\000\040\174\373\176\337\173\200\116\313}{ctitle.-1}% 14
\BOOKMARK [1][-]{section.3.1}{\376\377\0003\000.\0001\000\040\000V\000R\166\321\211\306\174\373\176\337}{chapter.3}% 15
\BOOKMARK [1][-]{section.3.2}{\376\377\0003\000.\0002\000\040\000V\000i\000v\000e\217\375\216\052\126\150\220\145\144\315\117\134\174\373\176\337}{chapter.3}% 16
\BOOKMARK [0][]{chapter.4}{\376\377\173\054\0004\172\340\000\040\142\200\147\057\176\306\202\202}{ctitle.-1}% 17
\BOOKMARK [1][-]{section.4.1}{\376\377\0004\000.\0001\000\040\133\236\145\366\126\376\120\317\221\307\226\306\116\016\146\076\171\072\174\373\176\337}{chapter.4}% 18
\BOOKMARK [1][-]{section.4.2}{\376\377\0004\000.\0002\000\040\147\072\150\260\201\302\143\247\122\066\174\373\176\337}{chapter.4}% 19
\BOOKMARK [1][-]{section.4.3}{\376\377\0004\000.\0003\000\040\000N\000A\000O\147\072\126\150\116\272\143\247\122\066\174\373\176\337}{chapter.4}% 20
\BOOKMARK [0][]{chapter.5}{\376\377\173\054\0005\172\340\000\040\230\171\166\356\134\125\171\072}{ctitle.-1}% 21
\BOOKMARK [1][-]{section.5.1}{\376\377\0005\000.\0001\000\040}{chapter.5}% 22
\BOOKMARK [1][-]{section.5.2}{\376\377\0005\000.\0002\000\040}{chapter.5}% 23
\BOOKMARK [0][]{chapter.6}{\376\377\173\054\0006\172\340\000\040\147\052\147\145\136\224\165\050}{ctitle.-1}% 24
\BOOKMARK [0][]{section*.10}{\376\377\123\302\200\003\145\207\163\056}{ctitle.-1}% 25
